{"/Users/josephhuntington/Documents/School/hackReactor/FEC/Product/database/database.js": {"path":"/Users/josephhuntington/Documents/School/hackReactor/FEC/Product/database/database.js","statementMap":{"0":{"start":{"line":1,"column":17},"end":{"line":1,"column":36}},"1":{"start":{"line":3,"column":0},"end":{"line":3,"column":98}},"2":{"start":{"line":5,"column":21},"end":{"line":29,"column":2}},"3":{"start":{"line":31,"column":15},"end":{"line":31,"column":53}},"4":{"start":{"line":33,"column":0},"end":{"line":33,"column":24}}},"fnMap":{},"branchMap":{},"s":{"0":1,"1":1,"2":1,"3":1,"4":1},"f":{},"b":{},"_coverageSchema":"1a1c01bbd47fc00a2c39e90264f33305004495a9","hash":"298e5b59a46617e4d0702f3b84fc43924d873ced"}
}
