{"/Users/josephhuntington/Documents/School/hackReactor/FEC/Product/database/database.js": {"path":"/Users/josephhuntington/Documents/School/hackReactor/FEC/Product/database/database.js","statementMap":{"0":{"start":{"line":1,"column":17},"end":{"line":1,"column":36}},"1":{"start":{"line":3,"column":0},"end":{"line":3,"column":101}},"2":{"start":{"line":5,"column":11},"end":{"line":5,"column":30}},"3":{"start":{"line":6,"column":0},"end":{"line":6,"column":65}},"4":{"start":{"line":7,"column":0},"end":{"line":7,"column":48}},"5":{"start":{"line":7,"column":22},"end":{"line":7,"column":46}},"6":{"start":{"line":9,"column":21},"end":{"line":32,"column":2}},"7":{"start":{"line":34,"column":15},"end":{"line":34,"column":53}},"8":{"start":{"line":36,"column":0},"end":{"line":36,"column":24}}},"fnMap":{"0":{"name":"(anonymous_0)","decl":{"start":{"line":7,"column":16},"end":{"line":7,"column":17}},"loc":{"start":{"line":7,"column":22},"end":{"line":7,"column":46}},"line":7}},"branchMap":{},"s":{"0":1,"1":1,"2":1,"3":1,"4":1,"5":1,"6":1,"7":1,"8":1},"f":{"0":1},"b":{},"_coverageSchema":"1a1c01bbd47fc00a2c39e90264f33305004495a9","hash":"86475730c7bfe12ea848b68bd4994504c4e22a4f"}
}
