TN:
SF:database/database.js
FNF:0
FNH:0
DA:1,2
DA:3,2
DA:5,2
DA:31,2
DA:33,2
LF:5
LH:5
BRF:0
BRH:0
end_of_record
TN:
SF:server/server.js
FN:8,(anonymous_0)
FN:9,(anonymous_1)
FN:15,(anonymous_2)
FN:18,(anonymous_3)
FN:19,(anonymous_4)
FNF:5
FNH:5
FNDA:4,(anonymous_0)
FNDA:4,(anonymous_1)
FNDA:2,(anonymous_2)
FNDA:50,(anonymous_3)
FNDA:200,(anonymous_4)
DA:1,1
DA:2,1
DA:4,1
DA:6,1
DA:8,1
DA:9,4
DA:10,4
DA:11,4
DA:15,1
DA:16,2
DA:17,2
DA:18,2
DA:19,50
DA:20,200
DA:21,1
DA:22,1
DA:26,2
DA:27,1
DA:31,1
LF:19
LH:19
BRDA:10,0,0,0
BRDA:10,0,1,4
BRDA:20,1,0,1
BRDA:20,1,1,199
BRDA:26,2,0,1
BRDA:26,2,1,1
BRF:6
BRH:5
end_of_record
